2025-12-16 10:12:22 [INFO ] org.testng.internal.Utils - [TestNG] Running:
  C:\Users\17636\AppData\Local\JetBrains\IdeaIC2025.1\temp-testng-customsuite.xml

2025-12-16 12:36:17 [INFO ] org.testng.internal.Utils - [TestNG] Running:
  C:\Users\17636\AppData\Local\JetBrains\IdeaIC2025.1\temp-testng-customsuite.xml

2025-12-16 12:36:31 [INFO ] com.flip.test.main.FlipMobileTest - ----------------------------Test Case ID: TC007----------------------
2025-12-16 12:36:36 [INFO ] com.flip.pages.LoginPage - --------------Entered user ID: AQSA028------------
2025-12-16 12:37:41 [INFO ] org.testng.internal.Utils - [TestNG] Running:
  C:\Users\17636\AppData\Local\JetBrains\IdeaIC2025.1\temp-testng-customsuite.xml

2025-12-16 12:37:55 [INFO ] com.flip.test.main.FlipMobileTest - ----------------------------Test Case ID: TC007----------------------
2025-12-16 12:37:59 [INFO ] com.flip.pages.LoginPage - --------------Entered user ID: AQSA028------------
2025-12-16 12:39:26 [INFO ] org.testng.internal.Utils - [TestNG] Running:
  C:\Users\17636\AppData\Local\JetBrains\IdeaIC2025.1\temp-testng-customsuite.xml

2025-12-16 12:39:39 [INFO ] com.flip.test.main.FlipMobileTest - ----------------------------Test Case ID: TC007----------------------
2025-12-16 12:39:43 [INFO ] com.flip.pages.LoginPage - --------------Entered user ID: AQSA028------------
2025-12-16 12:40:01 [INFO ] com.flip.pages.OrderWindow - Price enetered: 27244.00
2025-12-16 12:40:42 [INFO ] org.testng.internal.Utils - [TestNG] Running:
  C:\Users\17636\AppData\Local\JetBrains\IdeaIC2025.1\temp-testng-customsuite.xml

2025-12-16 12:40:56 [INFO ] com.flip.test.main.FlipMobileTest - ----------------------------Test Case ID: TC007----------------------
2025-12-16 12:41:00 [INFO ] com.flip.pages.LoginPage - --------------Entered user ID: AQSA028------------
2025-12-16 12:41:16 [INFO ] com.flip.pages.OrderWindow - Price enetered: 27273.40
2025-12-16 12:41:33 [INFO ] org.testng.internal.Utils - [TestNG] Running:
  C:\Users\17636\AppData\Local\JetBrains\IdeaIC2025.1\temp-testng-customsuite.xml

2025-12-16 12:41:47 [INFO ] com.flip.test.main.FlipMobileTest - ----------------------------Test Case ID: TC007----------------------
2025-12-16 12:41:51 [INFO ] com.flip.pages.LoginPage - --------------Entered user ID: AQSA028------------
2025-12-16 12:42:37 [INFO ] org.testng.internal.Utils - [TestNG] Running:
  C:\Users\17636\AppData\Local\JetBrains\IdeaIC2025.1\temp-testng-customsuite.xml

2025-12-16 12:42:50 [INFO ] com.flip.test.main.FlipMobileTest - ----------------------------Test Case ID: TC007----------------------
2025-12-16 12:42:55 [INFO ] com.flip.pages.LoginPage - --------------Entered user ID: AQSA028------------
2025-12-16 12:43:09 [INFO ] com.flip.pages.OrderWindow - Price enetered: 0.00
2025-12-16 13:08:15 [INFO ] org.testng.internal.Utils - [TestNG] Running:
  C:\Users\17636\AppData\Local\JetBrains\IdeaIC2025.1\temp-testng-customsuite.xml

2025-12-16 13:08:29 [INFO ] com.flip.test.main.FlipMobileTest - ----------------------------Test Case ID: TC007----------------------
2025-12-16 13:08:34 [INFO ] com.flip.pages.LoginPage - --------------Entered user ID: AQSA028------------
2025-12-16 13:08:51 [INFO ] com.flip.pages.OrderWindow - Price enetered: 27283.20
2025-12-16 13:09:06 [INFO ] org.testng.internal.Utils - [TestNG] Running:
  C:\Users\17636\AppData\Local\JetBrains\IdeaIC2025.1\temp-testng-customsuite.xml

2025-12-16 13:09:19 [INFO ] com.flip.test.main.FlipMobileTest - ----------------------------Test Case ID: TC007----------------------
2025-12-16 13:09:23 [INFO ] com.flip.pages.LoginPage - --------------Entered user ID: AQSA028------------
2025-12-16 13:09:52 [INFO ] org.testng.internal.Utils - [TestNG] Running:
  C:\Users\17636\AppData\Local\JetBrains\IdeaIC2025.1\temp-testng-customsuite.xml

2025-12-16 13:10:05 [INFO ] com.flip.test.main.FlipMobileTest - ----------------------------Test Case ID: TC007----------------------
2025-12-16 13:10:10 [INFO ] com.flip.pages.LoginPage - --------------Entered user ID: AQSA028------------
2025-12-16 13:10:27 [INFO ] com.flip.pages.OrderWindow - Price enetered: 27283.20
2025-12-16 13:12:47 [INFO ] org.testng.internal.Utils - [TestNG] Running:
  C:\Users\17636\AppData\Local\JetBrains\IdeaIC2025.1\temp-testng-customsuite.xml

2025-12-16 13:13:01 [INFO ] com.flip.test.main.FlipMobileTest - ----------------------------Test Case ID: TC007----------------------
2025-12-16 13:13:05 [INFO ] com.flip.pages.LoginPage - --------------Entered user ID: AQSA028------------
2025-12-16 13:13:21 [INFO ] com.flip.pages.OrderWindow - LTP: 27815.00
2025-12-16 15:35:54 [INFO ] org.testng.internal.Utils - [TestNG] Running:
  C:\Users\17636\AppData\Local\JetBrains\IdeaIC2025.1\temp-testng-customsuite.xml

2025-12-16 15:36:09 [INFO ] com.flip.test.main.FlipMobileTest - ----------------------------Test Case ID: TC007----------------------
2025-12-16 15:36:14 [INFO ] com.flip.pages.LoginPage - --------------Entered user ID: AQSA028------------
2025-12-16 15:37:11 [INFO ] org.testng.internal.Utils - [TestNG] Running:
  C:\Users\17636\AppData\Local\JetBrains\IdeaIC2025.1\temp-testng-customsuite.xml

2025-12-16 15:37:25 [INFO ] com.flip.test.main.FlipMobileTest - ----------------------------Test Case ID: TC007----------------------
2025-12-16 15:37:29 [INFO ] com.flip.pages.LoginPage - --------------Entered user ID: AQSA028------------
2025-12-16 15:38:23 [INFO ] org.testng.internal.Utils - [TestNG] Running:
  C:\Users\17636\AppData\Local\JetBrains\IdeaIC2025.1\temp-testng-customsuite.xml

2025-12-16 15:38:37 [INFO ] com.flip.test.main.FlipMobileTest - ----------------------------Test Case ID: TC007----------------------
2025-12-16 15:38:41 [INFO ] com.flip.pages.LoginPage - --------------Entered user ID: AQSA028------------
2025-12-16 15:42:54 [INFO ] org.testng.internal.Utils - [TestNG] Running:
  C:\Users\17636\AppData\Local\JetBrains\IdeaIC2025.1\temp-testng-customsuite.xml

2025-12-16 15:43:09 [INFO ] com.flip.test.main.FlipMobileTest - ----------------------------Test Case ID: TC007----------------------
2025-12-16 15:43:13 [INFO ] com.flip.pages.LoginPage - --------------Entered user ID: AQSA028------------
2025-12-16 15:43:28 [INFO ] com.flip.pages.OrderWindow - Symbol added successfully
2025-12-16 15:48:17 [INFO ] org.testng.internal.Utils - [TestNG] Running:
  C:\Users\17636\AppData\Local\JetBrains\IdeaIC2025.1\temp-testng-customsuite.xml

2025-12-16 15:48:31 [INFO ] com.flip.test.main.FlipMobileTest - ----------------------------Test Case ID: TC007----------------------
2025-12-16 15:48:36 [INFO ] com.flip.pages.LoginPage - --------------Entered user ID: AQSA028------------
2025-12-16 15:49:05 [INFO ] org.testng.internal.Utils - [TestNG] Running:
  C:\Users\17636\AppData\Local\JetBrains\IdeaIC2025.1\temp-testng-customsuite.xml

2025-12-16 15:49:24 [INFO ] com.flip.test.main.FlipMobileTest - ----------------------------Test Case ID: TC007----------------------
2025-12-16 15:49:28 [INFO ] com.flip.pages.LoginPage - --------------Entered user ID: AQSA028------------
2025-12-16 15:49:43 [INFO ] com.flip.pages.OrderWindow - Symbol added successfully
2025-12-16 15:53:10 [INFO ] org.testng.internal.Utils - [TestNG] Running:
  C:\Users\17636\AppData\Local\JetBrains\IdeaIC2025.1\temp-testng-customsuite.xml

2025-12-16 15:53:23 [INFO ] com.flip.test.main.FlipMobileTest - ----------------------------Test Case ID: TC007----------------------
2025-12-16 15:53:27 [INFO ] com.flip.pages.LoginPage - --------------Entered user ID: AQSA028------------
2025-12-16 15:53:42 [INFO ] com.flip.pages.OrderWindow - Symbol added successfully
2025-12-16 17:26:27 [INFO ] org.testng.internal.Utils - [TestNG] Running:
  C:\Users\17636\AppData\Local\JetBrains\IdeaIC2025.1\temp-testng-customsuite.xml

2025-12-16 17:26:43 [INFO ] com.flip.test.main.FlipMobileTest - ----------------------------Test Case ID: TC007----------------------
2025-12-16 17:26:48 [INFO ] com.flip.pages.LoginPage - --------------Entered user ID: AQSA028------------
2025-12-16 17:27:05 [INFO ] com.flip.pages.OrderWindow - Symbol added successfully
2025-12-16 17:27:07 [INFO ] com.flip.pages.OrderWindow - LTP: 11.25
2025-12-16 17:28:05 [INFO ] org.testng.internal.Utils - [TestNG] Running:
  C:\Users\17636\AppData\Local\JetBrains\IdeaIC2025.1\temp-testng-customsuite.xml

2025-12-16 17:28:18 [INFO ] com.flip.test.main.FlipMobileTest - ----------------------------Test Case ID: TC007----------------------
2025-12-16 17:28:23 [INFO ] com.flip.pages.LoginPage - --------------Entered user ID: AQSA028------------
2025-12-16 17:28:39 [INFO ] com.flip.pages.OrderWindow - Symbol added successfully
2025-12-16 17:28:41 [INFO ] com.flip.pages.OrderWindow - LTP: 3205.10
2025-12-16 17:32:33 [INFO ] org.testng.internal.Utils - [TestNG] Running:
  C:\Users\17636\AppData\Local\JetBrains\IdeaIC2025.1\temp-testng-customsuite.xml

2025-12-16 17:32:48 [INFO ] com.flip.test.main.FlipMobileTest - ----------------------------Test Case ID: TC007----------------------
2025-12-16 17:32:51 [INFO ] com.flip.pages.LoginPage - --------------Entered user ID: AQSA028------------
2025-12-16 17:33:08 [INFO ] com.flip.pages.OrderWindow - Symbol added successfully
2025-12-16 17:33:11 [INFO ] com.flip.pages.OrderWindow - LTP: 3205.10
2025-12-16 17:40:24 [INFO ] org.testng.internal.Utils - [TestNG] Running:
  C:\Users\17636\AppData\Local\JetBrains\IdeaIC2025.1\temp-testng-customsuite.xml

2025-12-16 17:40:38 [INFO ] com.flip.test.main.FlipMobileTest - ----------------------------Test Case ID: TC007----------------------
2025-12-16 17:40:43 [INFO ] com.flip.pages.LoginPage - --------------Entered user ID: AQSA028------------
2025-12-16 17:41:07 [INFO ] org.testng.internal.Utils - [TestNG] Running:
  C:\Users\17636\AppData\Local\JetBrains\IdeaIC2025.1\temp-testng-customsuite.xml

2025-12-16 17:41:21 [INFO ] com.flip.test.main.FlipMobileTest - ----------------------------Test Case ID: TC007----------------------
2025-12-16 17:41:25 [INFO ] com.flip.pages.LoginPage - --------------Entered user ID: AQSA028------------
2025-12-16 17:41:43 [INFO ] com.flip.pages.OrderWindow - Symbol added successfully
2025-12-16 17:41:46 [INFO ] com.flip.pages.OrderWindow - LTP: 3205.10
2025-12-16 17:41:57 [INFO ] com.flip.pages.OrderWindow - LTP: TCS
3205.10
Req Margin 
₹0
Available Margin
₹2
2025-12-16 17:42:44 [INFO ] org.testng.internal.Utils - [TestNG] Running:
  C:\Users\17636\AppData\Local\JetBrains\IdeaIC2025.1\temp-testng-customsuite.xml

2025-12-16 17:42:58 [INFO ] com.flip.test.main.FlipMobileTest - ----------------------------Test Case ID: TC007----------------------
2025-12-16 17:43:01 [INFO ] com.flip.pages.LoginPage - --------------Entered user ID: AQSA028------------
2025-12-16 17:43:26 [INFO ] org.testng.internal.Utils - [TestNG] Running:
  C:\Users\17636\AppData\Local\JetBrains\IdeaIC2025.1\temp-testng-customsuite.xml

2025-12-16 17:43:40 [INFO ] com.flip.test.main.FlipMobileTest - ----------------------------Test Case ID: TC007----------------------
2025-12-16 17:43:44 [INFO ] com.flip.pages.LoginPage - --------------Entered user ID: AQSA028------------
2025-12-16 17:44:00 [INFO ] com.flip.pages.OrderWindow - Symbol added successfully
2025-12-16 17:44:02 [INFO ] com.flip.pages.OrderWindow - LTP: 3205.10
2025-12-16 17:44:13 [INFO ] com.flip.pages.OrderWindow - LTP: TCS
3205.10
Req Margin 
₹0
Available Margin
₹2
2025-12-16 17:53:01 [INFO ] org.testng.internal.Utils - [TestNG] Running:
  C:\Users\17636\AppData\Local\JetBrains\IdeaIC2025.1\temp-testng-customsuite.xml

2025-12-16 17:53:17 [INFO ] com.flip.test.main.FlipMobileTest - ----------------------------Test Case ID: TC007----------------------
2025-12-16 17:53:20 [INFO ] com.flip.pages.LoginPage - --------------Entered user ID: AQSA028------------
2025-12-16 17:53:45 [INFO ] org.testng.internal.Utils - [TestNG] Running:
  C:\Users\17636\AppData\Local\JetBrains\IdeaIC2025.1\temp-testng-customsuite.xml

2025-12-16 17:53:59 [INFO ] com.flip.test.main.FlipMobileTest - ----------------------------Test Case ID: TC007----------------------
2025-12-16 17:54:02 [INFO ] com.flip.pages.LoginPage - --------------Entered user ID: AQSA028------------
2025-12-16 17:54:19 [INFO ] com.flip.pages.OrderWindow - Symbol added successfully
2025-12-16 17:54:32 [INFO ] com.flip.pages.OrderWindow - LTP: TCS
3205.10
Req Margin 
₹0
Available Margin
₹2
2025-12-16 17:59:08 [INFO ] org.testng.internal.Utils - [TestNG] Running:
  C:\Users\17636\AppData\Local\JetBrains\IdeaIC2025.1\temp-testng-customsuite.xml

2025-12-16 17:59:48 [INFO ] org.testng.internal.Utils - [TestNG] Running:
  C:\Users\17636\AppData\Local\JetBrains\IdeaIC2025.1\temp-testng-customsuite.xml

2025-12-16 18:00:03 [INFO ] com.flip.test.main.FlipMobileTest - ----------------------------Test Case ID: TC007----------------------
2025-12-16 18:00:07 [INFO ] com.flip.pages.LoginPage - --------------Entered user ID: AQSA028------------
2025-12-16 18:00:22 [INFO ] com.flip.pages.OrderWindow - Symbol added successfully
2025-12-16 18:01:10 [INFO ] org.testng.internal.Utils - [TestNG] Running:
  C:\Users\17636\AppData\Local\JetBrains\IdeaIC2025.1\temp-testng-customsuite.xml

2025-12-16 18:01:24 [INFO ] com.flip.test.main.FlipMobileTest - ----------------------------Test Case ID: TC007----------------------
2025-12-16 18:01:27 [INFO ] com.flip.pages.LoginPage - --------------Entered user ID: AQSA028------------
2025-12-16 18:01:43 [INFO ] com.flip.pages.OrderWindow - Symbol added successfully
2025-12-16 18:02:45 [INFO ] org.testng.internal.Utils - [TestNG] Running:
  C:\Users\17636\AppData\Local\JetBrains\IdeaIC2025.1\temp-testng-customsuite.xml

2025-12-16 18:02:59 [INFO ] com.flip.test.main.FlipMobileTest - ----------------------------Test Case ID: TC007----------------------
2025-12-16 18:03:03 [INFO ] com.flip.pages.LoginPage - --------------Entered user ID: AQSA028------------
2025-12-16 18:04:19 [INFO ] org.testng.internal.Utils - [TestNG] Running:
  C:\Users\17636\AppData\Local\JetBrains\IdeaIC2025.1\temp-testng-customsuite.xml

2025-12-16 18:04:33 [INFO ] com.flip.test.main.FlipMobileTest - ----------------------------Test Case ID: TC007----------------------
2025-12-16 18:04:36 [INFO ] com.flip.pages.LoginPage - --------------Entered user ID: AQSA028------------
2025-12-16 18:04:53 [INFO ] com.flip.pages.OrderWindow - Symbol added successfully
2025-12-16 18:05:06 [INFO ] com.flip.pages.OrderWindow - LTP: TCS
3205.10
Req Margin 
₹0
Available Margin
₹2
2025-12-16 18:07:52 [INFO ] org.testng.internal.Utils - [TestNG] Running:
  C:\Users\17636\AppData\Local\JetBrains\IdeaIC2025.1\temp-testng-customsuite.xml

2025-12-16 18:08:06 [INFO ] com.flip.test.main.FlipMobileTest - ----------------------------Test Case ID: TC007----------------------
2025-12-16 18:08:09 [INFO ] com.flip.pages.LoginPage - --------------Entered user ID: AQSA028------------
2025-12-16 18:20:15 [INFO ] org.testng.internal.Utils - [TestNG] Running:
  C:\Users\17636\AppData\Local\JetBrains\IdeaIC2025.1\temp-testng-customsuite.xml

2025-12-16 18:20:30 [INFO ] com.flip.test.main.FlipMobileTest - ----------------------------Test Case ID: TC007----------------------
2025-12-16 18:20:34 [INFO ] com.flip.pages.LoginPage - --------------Entered user ID: AQSA028------------
2025-12-16 18:20:50 [INFO ] com.flip.pages.OrderWindow - Symbol added successfully
2025-12-16 18:21:00 [INFO ] com.flip.pages.OrderWindow - LTP: 3205.10
2025-12-16 18:21:00 [INFO ] com.flip.pages.OrderWindow - 2% less than LTP: 3141.00
2025-12-16 18:21:03 [INFO ] com.flip.pages.OrderWindow - Price enetered: 3141.00
2025-12-16 18:21:06 [INFO ] com.flip.pages.OrderWindow - No Surveillance Alert
2025-12-16 18:22:37 [INFO ] org.testng.internal.Utils - [TestNG] Running:
  C:\Users\17636\AppData\Local\JetBrains\IdeaIC2025.1\temp-testng-customsuite.xml

2025-12-16 18:22:51 [INFO ] com.flip.test.main.FlipMobileTest - ----------------------------Test Case ID: TC007----------------------
2025-12-16 18:22:55 [INFO ] com.flip.pages.LoginPage - --------------Entered user ID: AQSA028------------
2025-12-16 18:23:10 [INFO ] com.flip.pages.OrderWindow - Symbol added successfully
2025-12-16 18:23:20 [INFO ] com.flip.pages.OrderWindow - LTP: 3205.10
2025-12-16 18:23:20 [INFO ] com.flip.pages.OrderWindow - 2% less than LTP: 3141.00
2025-12-16 18:23:23 [INFO ] com.flip.pages.OrderWindow - Price enetered: 3141.00
2025-12-16 18:23:26 [INFO ] com.flip.pages.OrderWindow - No Surveillance Alert
2025-12-16 18:30:28 [INFO ] org.testng.internal.Utils - [TestNG] Running:
  C:\Users\17636\AppData\Local\JetBrains\IdeaIC2025.1\temp-testng-customsuite.xml

2025-12-16 18:30:43 [INFO ] com.flip.test.main.FlipMobileTest - ----------------------------Test Case ID: TC007----------------------
2025-12-16 18:30:47 [INFO ] com.flip.pages.LoginPage - --------------Entered user ID: AQSA028------------
2025-12-16 18:31:03 [INFO ] com.flip.pages.OrderWindow - Symbol added successfully
2025-12-16 18:31:13 [INFO ] com.flip.pages.OrderWindow - LTP: 3205.10
2025-12-16 18:31:13 [INFO ] com.flip.pages.OrderWindow - 2% less than LTP: 3141.00
2025-12-16 18:37:18 [INFO ] org.testng.internal.Utils - [TestNG] Running:
  C:\Users\17636\AppData\Local\JetBrains\IdeaIC2025.1\temp-testng-customsuite.xml

2025-12-16 18:37:32 [INFO ] com.flip.test.main.FlipMobileTest - ----------------------------Test Case ID: TC007----------------------
2025-12-16 18:37:36 [INFO ] com.flip.pages.LoginPage - --------------Entered user ID: AQSA028------------
2025-12-16 18:38:00 [INFO ] org.testng.internal.Utils - [TestNG] Running:
  C:\Users\17636\AppData\Local\JetBrains\IdeaIC2025.1\temp-testng-customsuite.xml

2025-12-16 18:38:13 [INFO ] com.flip.test.main.FlipMobileTest - ----------------------------Test Case ID: TC007----------------------
2025-12-16 18:38:18 [INFO ] com.flip.pages.LoginPage - --------------Entered user ID: AQSA028------------
2025-12-16 18:38:34 [INFO ] com.flip.pages.OrderWindow - Symbol added successfully
2025-12-16 18:38:44 [INFO ] com.flip.pages.OrderWindow - LTP: 3205.10
2025-12-16 18:38:44 [INFO ] com.flip.pages.OrderWindow - 2% less than LTP: 3141.00
2025-12-16 18:38:47 [INFO ] com.flip.pages.OrderWindow - Price enetered: 3141.00
2025-12-16 18:38:50 [INFO ] com.flip.pages.OrderWindow - No Surveillance Alert
