2025-12-11 10:33:54 [INFO ] org.testng.internal.Utils - [TestNG] Running:
  C:\Users\17636\AppData\Local\JetBrains\IdeaIC2025.1\temp-testng-customsuite.xml

2025-12-11 10:34:25 [INFO ] org.testng.internal.Utils - [TestNG] Running:
  C:\Users\17636\AppData\Local\JetBrains\IdeaIC2025.1\temp-testng-customsuite.xml

2025-12-11 10:35:27 [INFO ] com.flip.test.main.FlipMobileTest - ----------------------------Test Case ID: TC001----------------------
2025-12-11 10:35:32 [INFO ] com.flip.pages.LoginPage - --------------Entered user ID: AQSA028------------
2025-12-11 10:36:22 [INFO ] org.testng.internal.Utils - [TestNG] Running:
  C:\Users\17636\AppData\Local\JetBrains\IdeaIC2025.1\temp-testng-customsuite.xml

2025-12-11 10:36:52 [INFO ] org.testng.internal.Utils - [TestNG] Running:
  C:\Users\17636\AppData\Local\JetBrains\IdeaIC2025.1\temp-testng-customsuite.xml

2025-12-11 10:38:21 [INFO ] org.testng.internal.Utils - [TestNG] Running:
  C:\Users\17636\AppData\Local\JetBrains\IdeaIC2025.1\temp-testng-customsuite.xml

2025-12-11 10:38:58 [INFO ] org.testng.internal.Utils - [TestNG] Running:
  C:\Users\17636\AppData\Local\JetBrains\IdeaIC2025.1\temp-testng-customsuite.xml

2025-12-11 10:39:15 [INFO ] org.testng.internal.Utils - [TestNG] Running:
  C:\Users\17636\AppData\Local\JetBrains\IdeaIC2025.1\temp-testng-customsuite.xml

2025-12-11 10:39:49 [INFO ] org.testng.internal.Utils - [TestNG] Running:
  C:\Users\17636\AppData\Local\JetBrains\IdeaIC2025.1\temp-testng-customsuite.xml

2025-12-11 10:40:14 [INFO ] org.testng.internal.Utils - [TestNG] Running:
  C:\Users\17636\AppData\Local\JetBrains\IdeaIC2025.1\temp-testng-customsuite.xml

2025-12-11 10:40:45 [INFO ] org.testng.internal.Utils - [TestNG] Running:
  C:\Users\17636\AppData\Local\JetBrains\IdeaIC2025.1\temp-testng-customsuite.xml

2025-12-11 10:41:13 [INFO ] org.testng.internal.Utils - [TestNG] Running:
  C:\Users\17636\AppData\Local\JetBrains\IdeaIC2025.1\temp-testng-customsuite.xml

2025-12-11 10:41:47 [INFO ] com.flip.test.main.FlipMobileTest - ----------------------------Test Case ID: TC001----------------------
2025-12-11 10:41:52 [INFO ] com.flip.pages.LoginPage - --------------Entered user ID: AQSA028------------
2025-12-11 10:42:56 [INFO ] org.testng.internal.Utils - [TestNG] Running:
  C:\Users\17636\AppData\Local\JetBrains\IdeaIC2025.1\temp-testng-customsuite.xml

2025-12-11 10:43:14 [INFO ] com.flip.test.main.FlipMobileTest - ----------------------------Test Case ID: TC001----------------------
2025-12-11 10:43:18 [INFO ] com.flip.pages.LoginPage - --------------Entered user ID: AQSA028------------
2025-12-11 10:43:30 [INFO ] com.flip.test.main.FlipMobileTest - User logged in successfully!!!
2025-12-11 10:44:04 [INFO ] org.testng.internal.Utils - [TestNG] Running:
  C:\Users\17636\AppData\Local\JetBrains\IdeaIC2025.1\temp-testng-customsuite.xml

2025-12-11 10:44:29 [INFO ] com.flip.test.main.FlipMobileTest - ----------------------------Test Case ID: TC001----------------------
2025-12-11 10:44:34 [INFO ] com.flip.pages.LoginPage - --------------Entered user ID: AQSA028------------
2025-12-11 10:44:45 [INFO ] com.flip.test.main.FlipMobileTest - User logged in successfully!!!
2025-12-11 13:55:48 [INFO ] org.testng.internal.Utils - [TestNG] Running:
  C:\Users\17636\AppData\Local\JetBrains\IdeaIC2025.1\temp-testng-customsuite.xml

2025-12-11 13:56:03 [INFO ] com.flip.test.main.FlipMobileTest - ----------------------------Test Case ID: TC002----------------------
2025-12-11 13:56:07 [INFO ] com.flip.pages.LoginPage - --------------Entered user ID: AQSA028------------
2025-12-11 14:00:56 [INFO ] org.testng.internal.Utils - [TestNG] Running:
  C:\Users\17636\AppData\Local\JetBrains\IdeaIC2025.1\temp-testng-customsuite.xml

2025-12-11 14:01:12 [INFO ] com.flip.test.main.FlipMobileTest - ----------------------------Test Case ID: TC002----------------------
2025-12-11 14:01:17 [INFO ] com.flip.pages.LoginPage - --------------Entered user ID: AQSA028------------
2025-12-11 14:02:47 [INFO ] org.testng.internal.Utils - [TestNG] Running:
  C:\Users\17636\AppData\Local\JetBrains\IdeaIC2025.1\temp-testng-customsuite.xml

2025-12-11 14:03:00 [INFO ] com.flip.test.main.FlipMobileTest - ----------------------------Test Case ID: TC002----------------------
2025-12-11 14:03:05 [INFO ] com.flip.pages.LoginPage - --------------Entered user ID: AQSA028------------
2025-12-11 14:03:22 [INFO ] com.flip.pages.DefaultOrderSettings - --------------Settings page opened------------
2025-12-11 14:05:15 [INFO ] org.testng.internal.Utils - [TestNG] Running:
  C:\Users\17636\AppData\Local\JetBrains\IdeaIC2025.1\temp-testng-customsuite.xml

2025-12-11 14:05:29 [INFO ] com.flip.test.main.FlipMobileTest - ----------------------------Test Case ID: TC002----------------------
2025-12-11 14:05:33 [INFO ] com.flip.pages.LoginPage - --------------Entered user ID: AQSA028------------
2025-12-11 14:05:49 [INFO ] com.flip.pages.DefaultOrderSettings - --------------Settings page opened------------
2025-12-11 14:08:23 [INFO ] org.testng.internal.Utils - [TestNG] Running:
  C:\Users\17636\AppData\Local\JetBrains\IdeaIC2025.1\temp-testng-customsuite.xml

2025-12-11 14:08:37 [INFO ] com.flip.test.main.FlipMobileTest - ----------------------------Test Case ID: TC002----------------------
2025-12-11 14:08:41 [INFO ] com.flip.pages.LoginPage - --------------Entered user ID: AQSA028------------
2025-12-11 14:08:59 [INFO ] com.flip.pages.DefaultOrderSettings - --------------Settings page opened------------
2025-12-11 14:09:00 [INFO ] com.flip.pages.DefaultOrderSettings - --------------Default order settings page opened------------
2025-12-11 14:09:58 [INFO ] org.testng.internal.Utils - [TestNG] Running:
  C:\Users\17636\AppData\Local\JetBrains\IdeaIC2025.1\temp-testng-customsuite.xml

2025-12-11 14:10:12 [INFO ] com.flip.test.main.FlipMobileTest - ----------------------------Test Case ID: TC002----------------------
2025-12-11 14:10:16 [INFO ] com.flip.pages.LoginPage - --------------Entered user ID: AQSA028------------
2025-12-11 14:10:32 [INFO ] com.flip.pages.DefaultOrderSettings - --------------Settings page opened------------
2025-12-11 14:10:34 [INFO ] com.flip.pages.DefaultOrderSettings - --------------Default order settings page opened------------
2025-12-11 14:20:46 [INFO ] org.testng.internal.Utils - [TestNG] Running:
  C:\Users\17636\AppData\Local\JetBrains\IdeaIC2025.1\temp-testng-customsuite.xml

2025-12-11 14:21:00 [INFO ] com.flip.test.main.FlipMobileTest - ----------------------------Test Case ID: TC002----------------------
2025-12-11 14:21:04 [INFO ] com.flip.pages.LoginPage - --------------Entered user ID: AQSA028------------
2025-12-11 14:21:21 [INFO ] com.flip.pages.DefaultOrderSettings - --------------Settings page opened------------
2025-12-11 14:21:22 [INFO ] com.flip.pages.DefaultOrderSettings - --------------Default order settings page opened------------
2025-12-11 14:23:18 [INFO ] org.testng.internal.Utils - [TestNG] Running:
  C:\Users\17636\AppData\Local\JetBrains\IdeaIC2025.1\temp-testng-customsuite.xml

2025-12-11 14:23:31 [INFO ] com.flip.test.main.FlipMobileTest - ----------------------------Test Case ID: TC002----------------------
2025-12-11 14:23:35 [INFO ] com.flip.pages.LoginPage - --------------Entered user ID: AQSA028------------
2025-12-11 14:24:34 [INFO ] org.testng.internal.Utils - [TestNG] Running:
  C:\Users\17636\AppData\Local\JetBrains\IdeaIC2025.1\temp-testng-customsuite.xml

2025-12-11 14:24:49 [INFO ] com.flip.test.main.FlipMobileTest - ----------------------------Test Case ID: TC002----------------------
2025-12-11 14:24:54 [INFO ] com.flip.pages.LoginPage - --------------Entered user ID: AQSA028------------
2025-12-11 14:25:11 [INFO ] com.flip.pages.DefaultOrderSettings - --------------Settings page opened------------
2025-12-11 14:25:12 [INFO ] com.flip.pages.DefaultOrderSettings - --------------Default order settings page opened------------
2025-12-11 14:25:16 [INFO ] com.flip.pages.DefaultOrderSettings - --------------Default order settings saved successfully------------
2025-12-11 14:25:38 [INFO ] org.testng.internal.Utils - [TestNG] Running:
  C:\Users\17636\AppData\Local\JetBrains\IdeaIC2025.1\temp-testng-customsuite.xml

2025-12-11 14:25:51 [INFO ] com.flip.test.main.FlipMobileTest - ----------------------------Test Case ID: TC002----------------------
2025-12-11 14:25:56 [INFO ] com.flip.pages.LoginPage - --------------Entered user ID: AQSA028------------
2025-12-11 14:26:14 [INFO ] com.flip.pages.DefaultOrderSettings - --------------Settings page opened------------
2025-12-11 14:26:15 [INFO ] com.flip.pages.DefaultOrderSettings - --------------Default order settings page opened------------
2025-12-11 14:26:20 [INFO ] com.flip.pages.DefaultOrderSettings - --------------Default order settings saved successfully------------
2025-12-11 14:27:22 [INFO ] org.testng.internal.Utils - [TestNG] Running:
  C:\Users\17636\AppData\Local\JetBrains\IdeaIC2025.1\temp-testng-customsuite.xml

2025-12-11 14:27:36 [INFO ] com.flip.test.main.FlipMobileTest - ----------------------------Test Case ID: TC002----------------------
2025-12-11 14:27:40 [INFO ] com.flip.pages.LoginPage - --------------Entered user ID: AQSA028------------
2025-12-11 14:27:58 [INFO ] com.flip.pages.DefaultOrderSettings - --------------Settings page opened------------
2025-12-11 14:27:59 [INFO ] com.flip.pages.DefaultOrderSettings - --------------Default order settings page opened------------
2025-12-11 14:28:04 [INFO ] com.flip.pages.DefaultOrderSettings - --------------Default order settings saved successfully------------
2025-12-11 14:28:52 [INFO ] org.testng.internal.Utils - [TestNG] Running:
  C:\Users\17636\AppData\Local\JetBrains\IdeaIC2025.1\temp-testng-customsuite.xml

2025-12-11 14:29:05 [INFO ] com.flip.test.main.FlipMobileTest - ----------------------------Test Case ID: TC002----------------------
2025-12-11 14:29:09 [INFO ] com.flip.pages.LoginPage - --------------Entered user ID: AQSA028------------
2025-12-11 14:30:51 [INFO ] org.testng.internal.Utils - [TestNG] Running:
  C:\Users\17636\AppData\Local\JetBrains\IdeaIC2025.1\temp-testng-customsuite.xml

2025-12-11 14:31:04 [INFO ] com.flip.test.main.FlipMobileTest - ----------------------------Test Case ID: TC002----------------------
2025-12-11 14:31:08 [INFO ] com.flip.pages.LoginPage - --------------Entered user ID: AQSA028------------
2025-12-11 14:31:27 [INFO ] com.flip.pages.DefaultOrderSettings - --------------Settings page opened------------
2025-12-11 14:31:28 [INFO ] com.flip.pages.DefaultOrderSettings - --------------Default order settings page opened------------
2025-12-11 14:31:32 [INFO ] com.flip.pages.DefaultOrderSettings - --------------Default order settings saved successfully------------
2025-12-11 14:34:13 [INFO ] org.testng.internal.Utils - [TestNG] Running:
  C:\Users\17636\AppData\Local\JetBrains\IdeaIC2025.1\temp-testng-customsuite.xml

2025-12-11 14:34:27 [INFO ] com.flip.test.main.FlipMobileTest - ----------------------------Test Case ID: TC002----------------------
2025-12-11 14:34:32 [INFO ] com.flip.pages.LoginPage - --------------Entered user ID: AQSA028------------
2025-12-11 14:35:19 [INFO ] org.testng.internal.Utils - [TestNG] Running:
  C:\Users\17636\AppData\Local\JetBrains\IdeaIC2025.1\temp-testng-customsuite.xml

2025-12-11 14:35:34 [INFO ] com.flip.test.main.FlipMobileTest - ----------------------------Test Case ID: TC002----------------------
2025-12-11 14:35:38 [INFO ] com.flip.pages.LoginPage - --------------Entered user ID: AQSA028------------
2025-12-11 14:35:49 [INFO ] com.flip.pages.DefaultOrderSettings - --------------Settings page opened------------
2025-12-11 14:35:50 [INFO ] com.flip.pages.DefaultOrderSettings - --------------Default order settings page opened------------
2025-12-11 14:35:55 [INFO ] com.flip.pages.DefaultOrderSettings - --------------Default order settings saved successfully------------
2025-12-11 14:42:20 [INFO ] org.testng.internal.Utils - [TestNG] Running:
  C:\Users\17636\AppData\Local\JetBrains\IdeaIC2025.1\temp-testng-customsuite.xml

2025-12-11 14:42:34 [INFO ] com.flip.test.main.FlipMobileTest - ----------------------------Test Case ID: TC002----------------------
2025-12-11 14:42:38 [INFO ] com.flip.pages.LoginPage - --------------Entered user ID: AQSA028------------
2025-12-11 14:48:58 [INFO ] org.testng.internal.Utils - [TestNG] Running:
  C:\Users\17636\AppData\Local\JetBrains\IdeaIC2025.1\temp-testng-customsuite.xml

2025-12-11 14:49:12 [INFO ] com.flip.test.main.FlipMobileTest - ----------------------------Test Case ID: TC002----------------------
2025-12-11 14:49:17 [INFO ] com.flip.pages.LoginPage - --------------Entered user ID: AQSA028------------
2025-12-11 14:49:36 [INFO ] org.testng.internal.Utils - [TestNG] Running:
  C:\Users\17636\AppData\Local\JetBrains\IdeaIC2025.1\temp-testng-customsuite.xml

2025-12-11 14:49:49 [INFO ] com.flip.test.main.FlipMobileTest - ----------------------------Test Case ID: TC002----------------------
2025-12-11 14:49:54 [INFO ] com.flip.pages.LoginPage - --------------Entered user ID: AQSA028------------
2025-12-11 15:19:20 [INFO ] org.testng.internal.Utils - [TestNG] Running:
  C:\Users\17636\AppData\Local\JetBrains\IdeaIC2025.1\temp-testng-customsuite.xml

2025-12-11 15:19:41 [INFO ] com.flip.test.main.FlipMobileTest - ----------------------------Test Case ID: TC002----------------------
2025-12-11 15:19:46 [INFO ] com.flip.pages.LoginPage - --------------Entered user ID: AQSA028------------
2025-12-11 15:20:10 [INFO ] org.testng.internal.Utils - [TestNG] Running:
  C:\Users\17636\AppData\Local\JetBrains\IdeaIC2025.1\temp-testng-customsuite.xml

2025-12-11 15:20:24 [INFO ] com.flip.test.main.FlipMobileTest - ----------------------------Test Case ID: TC002----------------------
2025-12-11 15:20:29 [INFO ] com.flip.pages.LoginPage - --------------Entered user ID: AQSA028------------
2025-12-11 15:20:47 [INFO ] com.flip.pages.DefaultOrderSettings - Settings saved successfully!!!
2025-12-11 15:29:13 [INFO ] org.testng.internal.Utils - [TestNG] Running:
  C:\Users\17636\AppData\Local\JetBrains\IdeaIC2025.1\temp-testng-customsuite.xml

2025-12-11 15:29:27 [INFO ] com.flip.test.main.FlipMobileTest - ----------------------------Test Case ID: TC003----------------------
2025-12-11 15:29:33 [INFO ] com.flip.pages.LoginPage - --------------Entered user ID: AQSA028------------
2025-12-11 15:51:22 [INFO ] org.testng.internal.Utils - [TestNG] Running:
  C:\Users\17636\AppData\Local\JetBrains\IdeaIC2025.1\temp-testng-customsuite.xml

2025-12-11 15:51:36 [INFO ] com.flip.test.main.FlipMobileTest - ----------------------------Test Case ID: TC003----------------------
2025-12-11 15:51:40 [INFO ] com.flip.pages.LoginPage - --------------Entered user ID: AQSA028------------
2025-12-11 15:53:25 [INFO ] org.testng.internal.Utils - [TestNG] Running:
  C:\Users\17636\AppData\Local\JetBrains\IdeaIC2025.1\temp-testng-customsuite.xml

2025-12-11 15:53:38 [INFO ] com.flip.test.main.FlipMobileTest - ----------------------------Test Case ID: TC003----------------------
2025-12-11 15:53:42 [INFO ] com.flip.pages.LoginPage - --------------Entered user ID: AQSA028------------
2025-12-11 15:53:59 [INFO ] com.flip.pages.DefaultOrderSettings - Settings saved successfully!!!
2025-12-11 15:56:11 [INFO ] org.testng.internal.Utils - [TestNG] Running:
  C:\Users\17636\AppData\Local\JetBrains\IdeaIC2025.1\temp-testng-customsuite.xml

2025-12-11 15:56:23 [INFO ] com.flip.test.main.FlipMobileTest - ----------------------------Test Case ID: TC003----------------------
2025-12-11 15:56:29 [INFO ] com.flip.pages.LoginPage - --------------Entered user ID: AQSA028------------
2025-12-11 15:56:44 [INFO ] com.flip.pages.DefaultOrderSettings - Exchange Selected: NSE
2025-12-11 15:56:46 [INFO ] com.flip.pages.DefaultOrderSettings - Settings saved successfully!!!
2025-12-11 15:56:59 [INFO ] org.testng.internal.Utils - [TestNG] Running:
  C:\Users\17636\AppData\Local\JetBrains\IdeaIC2025.1\temp-testng-customsuite.xml

2025-12-11 15:57:12 [INFO ] com.flip.test.main.FlipMobileTest - ----------------------------Test Case ID: TC004----------------------
2025-12-11 15:57:17 [INFO ] com.flip.pages.LoginPage - --------------Entered user ID: AQSA028------------
2025-12-11 15:57:32 [INFO ] com.flip.pages.DefaultOrderSettings - Product Type Selected: Cash
2025-12-11 15:57:35 [INFO ] com.flip.pages.DefaultOrderSettings - Settings saved successfully!!!
2025-12-11 15:58:39 [INFO ] org.testng.internal.Utils - [TestNG] Running:
  D:\FlipMobile\fliptest.xml

2025-12-11 16:00:18 [INFO ] org.testng.internal.Utils - [TestNG] Running:
  D:\FlipMobile\fliptest.xml

2025-12-11 16:00:46 [INFO ] com.flip.test.main.FlipMobileTest - ----------------------------Test Case ID: TC001----------------------
2025-12-11 16:00:51 [INFO ] com.flip.pages.LoginPage - --------------Entered user ID: AQSA028------------
2025-12-11 16:01:01 [INFO ] com.flip.test.main.FlipMobileTest - User logged in successfully!!!
2025-12-11 16:01:01 [INFO ] com.flip.test.main.FlipMobileTest - ----------------------------Test Case ID: TC002----------------------
2025-12-11 16:01:06 [INFO ] com.flip.pages.DefaultOrderSettings - Order Type Selected: Limit
2025-12-11 16:01:09 [INFO ] com.flip.pages.DefaultOrderSettings - Settings saved successfully!!!
2025-12-11 16:01:54 [INFO ] org.testng.internal.Utils - [TestNG] Running:
  D:\FlipMobile\fliptest.xml

2025-12-11 16:02:00 [INFO ] com.flip.test.main.FlipMobileTest - ----------------------------Test Case ID: TC001----------------------
2025-12-11 16:02:11 [INFO ] com.flip.test.main.FlipMobileTest - ----------------------------Test Case ID: TC002----------------------
2025-12-11 16:02:13 [INFO ] com.flip.test.main.FlipMobileTest - ----------------------------Test Case ID: TC003----------------------
2025-12-11 16:02:31 [INFO ] org.testng.internal.Utils - [TestNG] Running:
  D:\FlipMobile\fliptest.xml

2025-12-11 16:03:00 [INFO ] com.flip.test.main.FlipMobileTest - ----------------------------Test Case ID: TC001----------------------
2025-12-11 16:03:04 [INFO ] com.flip.pages.LoginPage - --------------Entered user ID: AQSA028------------
2025-12-11 16:03:12 [INFO ] com.flip.test.main.FlipMobileTest - User logged in successfully!!!
2025-12-11 16:03:12 [INFO ] com.flip.test.main.FlipMobileTest - ----------------------------Test Case ID: TC002----------------------
2025-12-11 16:03:18 [INFO ] com.flip.pages.DefaultOrderSettings - Order Type Selected: Limit
2025-12-11 16:03:20 [INFO ] com.flip.pages.DefaultOrderSettings - Settings saved successfully!!!
2025-12-11 16:03:20 [INFO ] com.flip.test.main.FlipMobileTest - ----------------------------Test Case ID: TC003----------------------
2025-12-11 16:03:59 [INFO ] org.testng.internal.Utils - [TestNG] Running:
  D:\FlipMobile\fliptest.xml

2025-12-11 16:04:31 [INFO ] com.flip.test.main.FlipMobileTest - ----------------------------Test Case ID: TC001----------------------
2025-12-11 16:04:35 [INFO ] com.flip.pages.LoginPage - --------------Entered user ID: AQSA028------------
2025-12-11 16:04:45 [INFO ] com.flip.test.main.FlipMobileTest - User logged in successfully!!!
2025-12-11 16:04:45 [INFO ] com.flip.test.main.FlipMobileTest - ----------------------------Test Case ID: TC002----------------------
2025-12-11 16:04:49 [INFO ] com.flip.pages.DefaultOrderSettings - Order Type Selected: Limit
2025-12-11 16:04:52 [INFO ] com.flip.pages.DefaultOrderSettings - Settings saved successfully!!!
2025-12-11 16:04:52 [INFO ] com.flip.test.main.FlipMobileTest - ----------------------------Test Case ID: TC003----------------------
2025-12-11 16:04:52 [INFO ] com.flip.pages.DefaultOrderSettings - Exchange Selected: NSE
2025-12-11 16:04:55 [INFO ] com.flip.pages.DefaultOrderSettings - Settings saved successfully!!!
2025-12-11 16:14:11 [INFO ] org.testng.internal.Utils - [TestNG] Running:
  D:\FlipMobile\fliptest.xml

2025-12-11 16:14:41 [INFO ] com.flip.test.main.FlipMobileTest - ----------------------------Test Case ID: TC001----------------------
2025-12-11 16:14:46 [INFO ] com.flip.pages.LoginPage - --------------Entered user ID: AQSA028------------
2025-12-11 16:14:56 [INFO ] com.flip.test.main.FlipMobileTest - User logged in successfully!!!
2025-12-11 16:14:56 [INFO ] com.flip.test.main.FlipMobileTest - ----------------------------Test Case ID: TC002----------------------
2025-12-11 16:15:02 [INFO ] com.flip.pages.DefaultOrderSettings - Order Type Selected: Limit
2025-12-11 16:15:05 [INFO ] com.flip.pages.DefaultOrderSettings - Settings saved successfully!!!
2025-12-11 16:15:05 [INFO ] com.flip.test.main.FlipMobileTest - ----------------------------Test Case ID: TC003----------------------
2025-12-11 16:15:06 [INFO ] com.flip.pages.DefaultOrderSettings - Exchange Selected: NSE
2025-12-11 16:15:08 [INFO ] com.flip.pages.DefaultOrderSettings - Settings saved successfully!!!
2025-12-11 16:15:08 [INFO ] com.flip.test.main.FlipMobileTest - ----------------------------Test Case ID: TC004----------------------
2025-12-11 16:15:09 [INFO ] com.flip.pages.DefaultOrderSettings - Product Type Selected: Cash
2025-12-11 16:15:12 [INFO ] com.flip.pages.DefaultOrderSettings - Settings saved successfully!!!
2025-12-11 16:19:10 [INFO ] org.testng.internal.Utils - [TestNG] Running:
  D:\FlipMobile\fliptest.xml

2025-12-11 16:19:38 [INFO ] com.flip.test.main.FlipMobileTest - ----------------------------Test Case ID: TC001----------------------
2025-12-11 16:19:43 [INFO ] com.flip.pages.LoginPage - --------------Entered user ID: AQSA028------------
2025-12-11 16:19:52 [INFO ] com.flip.test.main.FlipMobileTest - User logged in successfully!!!
2025-12-11 16:19:52 [INFO ] com.flip.test.main.FlipMobileTest - ----------------------------Test Case ID: TC002----------------------
2025-12-11 16:19:58 [INFO ] com.flip.pages.DefaultOrderSettings - Order Type Selected: Limit
2025-12-11 16:20:01 [INFO ] com.flip.pages.DefaultOrderSettings - Settings saved successfully!!!
2025-12-11 16:20:01 [INFO ] com.flip.test.main.FlipMobileTest - ----------------------------Test Case ID: TC003----------------------
2025-12-11 16:20:02 [INFO ] com.flip.pages.DefaultOrderSettings - Exchange Selected: NSE
2025-12-11 16:20:05 [INFO ] com.flip.pages.DefaultOrderSettings - Settings saved successfully!!!
2025-12-11 16:20:05 [INFO ] com.flip.test.main.FlipMobileTest - ----------------------------Test Case ID: TC004----------------------
2025-12-11 16:20:05 [INFO ] com.flip.pages.DefaultOrderSettings - Product Type Selected: Cash
2025-12-11 16:20:08 [INFO ] com.flip.pages.DefaultOrderSettings - Settings saved successfully!!!
2025-12-11 16:20:47 [INFO ] org.testng.internal.Utils - [TestNG] Running:
  C:\Users\17636\AppData\Local\JetBrains\IdeaIC2025.1\temp-testng-customsuite.xml

2025-12-11 16:21:14 [INFO ] com.flip.test.main.FlipMobileTest - ----------------------------Test Case ID: TC001----------------------
2025-12-11 16:21:20 [INFO ] com.flip.pages.LoginPage - --------------Entered user ID: AQSA028------------
2025-12-11 16:21:29 [INFO ] com.flip.test.main.FlipMobileTest - User logged in successfully!!!
2025-12-11 16:33:37 [INFO ] org.testng.internal.Utils - [TestNG] Running:
  D:\FlipMobile\fliptest.xml

2025-12-11 16:34:11 [INFO ] com.flip.test.main.FlipMobileTest - ----------------------------Test Case ID: TC001----------------------
2025-12-11 16:34:16 [INFO ] com.flip.pages.LoginPage - --------------Entered user ID: AQSA028------------
2025-12-11 16:34:25 [INFO ] com.flip.test.main.FlipMobileTest - ----------------------------Test Case ID: TC002----------------------
2025-12-11 16:34:31 [INFO ] com.flip.pages.DefaultOrderSettings - Order Type Selected: Limit
2025-12-11 16:34:34 [INFO ] com.flip.pages.DefaultOrderSettings - Settings saved successfully!!!
2025-12-11 16:34:34 [INFO ] com.flip.test.main.FlipMobileTest - ----------------------------Test Case ID: TC003----------------------
2025-12-11 16:34:35 [INFO ] com.flip.pages.DefaultOrderSettings - Exchange Selected: NSE
2025-12-11 16:34:37 [INFO ] com.flip.pages.DefaultOrderSettings - Settings saved successfully!!!
2025-12-11 16:34:37 [INFO ] com.flip.test.main.FlipMobileTest - ----------------------------Test Case ID: TC004----------------------
2025-12-11 16:34:38 [INFO ] com.flip.pages.DefaultOrderSettings - Product Type Selected: Cash
2025-12-11 16:34:40 [INFO ] com.flip.pages.DefaultOrderSettings - Settings saved successfully!!!
2025-12-11 16:41:38 [INFO ] org.testng.internal.Utils - [TestNG] Running:
  D:\FlipMobile\fliptest.xml

2025-12-11 16:42:11 [INFO ] com.flip.test.main.FlipMobileTest - ----------------------------Test Case ID: TC001----------------------
2025-12-11 16:42:16 [INFO ] com.flip.pages.LoginPage - --------------Entered user ID: AQSA028------------
2025-12-11 16:42:24 [INFO ] com.flip.test.main.FlipMobileTest - ----------------------------Test Case ID: TC002----------------------
2025-12-11 16:42:34 [INFO ] com.flip.test.main.FlipMobileTest - ----------------------------Test Case ID: TC003----------------------
2025-12-11 16:42:48 [INFO ] org.testng.internal.Utils - [TestNG] Running:
  D:\FlipMobile\fliptest.xml

2025-12-11 16:43:03 [INFO ] org.testng.internal.Utils - [TestNG] Running:
  D:\FlipMobile\fliptest.xml

2025-12-11 16:43:17 [INFO ] com.flip.test.main.FlipMobileTest - ----------------------------Test Case ID: TC001----------------------
2025-12-11 16:43:23 [INFO ] com.flip.pages.LoginPage - --------------Entered user ID: AQSA028------------
2025-12-11 16:43:31 [INFO ] com.flip.test.main.FlipMobileTest - ----------------------------Test Case ID: TC002----------------------
2025-12-11 16:47:47 [INFO ] org.testng.internal.Utils - [TestNG] Running:
  D:\FlipMobile\fliptest.xml

2025-12-11 16:48:20 [INFO ] com.flip.test.main.FlipMobileTest - ----------------------------Test Case ID: TC001----------------------
2025-12-11 16:48:25 [INFO ] com.flip.pages.LoginPage - --------------Entered user ID: AQSA028------------
2025-12-11 16:48:32 [INFO ] com.flip.test.main.FlipMobileTest - ----------------------------Test Case ID: TC002----------------------
2025-12-11 16:48:49 [INFO ] org.testng.internal.Utils - [TestNG] Running:
  C:\Users\17636\AppData\Local\JetBrains\IdeaIC2025.1\temp-testng-customsuite.xml

2025-12-11 16:49:03 [INFO ] com.flip.test.main.FlipMobileTest - ----------------------------Test Case ID: TC001----------------------
2025-12-11 16:49:08 [INFO ] com.flip.pages.LoginPage - --------------Entered user ID: AQSA028------------
2025-12-11 16:49:27 [INFO ] org.testng.internal.Utils - [TestNG] Running:
  C:\Users\17636\AppData\Local\JetBrains\IdeaIC2025.1\temp-testng-customsuite.xml

2025-12-11 16:49:55 [INFO ] com.flip.test.main.FlipMobileTest - ----------------------------Test Case ID: TC001----------------------
2025-12-11 16:50:01 [INFO ] com.flip.pages.LoginPage - --------------Entered user ID: AQSA028------------
2025-12-11 16:50:43 [INFO ] org.testng.internal.Utils - [TestNG] Running:
  C:\Users\17636\AppData\Local\JetBrains\IdeaIC2025.1\temp-testng-customsuite.xml

2025-12-11 16:51:11 [INFO ] com.flip.test.main.FlipMobileTest - ----------------------------Test Case ID: TC001----------------------
2025-12-11 16:51:16 [INFO ] com.flip.pages.LoginPage - --------------Entered user ID: AQSA028------------
2025-12-11 16:52:16 [INFO ] org.testng.internal.Utils - [TestNG] Running:
  C:\Users\17636\AppData\Local\JetBrains\IdeaIC2025.1\temp-testng-customsuite.xml

2025-12-11 16:52:29 [INFO ] com.flip.test.main.FlipMobileTest - ----------------------------Test Case ID: TC001----------------------
2025-12-11 16:52:34 [INFO ] com.flip.pages.LoginPage - --------------Entered user ID: AQSA028------------
2025-12-11 16:55:04 [INFO ] org.testng.internal.Utils - [TestNG] Running:
  C:\Users\17636\AppData\Local\JetBrains\IdeaIC2025.1\temp-testng-customsuite.xml

2025-12-11 16:55:18 [INFO ] com.flip.test.main.FlipMobileTest - ----------------------------Test Case ID: TC001----------------------
2025-12-11 16:55:22 [INFO ] com.flip.pages.LoginPage - --------------Entered user ID: AQSA028------------
2025-12-11 16:55:33 [INFO ] com.flip.test.main.FlipMobileTest - User logged in successfully!!!
2025-12-11 16:56:40 [INFO ] org.testng.internal.Utils - [TestNG] Running:
  D:\FlipMobile\fliptest.xml

2025-12-11 16:56:53 [INFO ] com.flip.test.main.FlipMobileTest - ----------------------------Test Case ID: TC001----------------------
2025-12-11 16:56:58 [INFO ] com.flip.pages.LoginPage - --------------Entered user ID: AQSA028------------
2025-12-11 16:57:06 [INFO ] com.flip.test.main.FlipMobileTest - ----------------------------Test Case ID: TC002----------------------
2025-12-11 16:57:17 [INFO ] com.flip.test.main.FlipMobileTest - ----------------------------Test Case ID: TC003----------------------
2025-12-11 17:18:48 [INFO ] org.testng.internal.Utils - [TestNG] Running:
  D:\FlipMobile\fliptest.xml

2025-12-11 17:19:16 [INFO ] com.flip.test.main.FlipMobileTest - ----------------------------Test Case ID: TC001----------------------
2025-12-11 17:19:21 [INFO ] com.flip.pages.LoginPage - --------------Entered user ID: AQSA028------------
2025-12-11 17:19:29 [INFO ] com.flip.test.main.FlipMobileTest - ----------------------------Test Case ID: TC002----------------------
2025-12-11 17:19:54 [INFO ] org.testng.internal.Utils - [TestNG] Running:
  C:\Users\17636\AppData\Local\JetBrains\IdeaIC2025.1\temp-testng-customsuite.xml

2025-12-11 17:20:16 [INFO ] com.flip.test.main.FlipMobileTest - ----------------------------Test Case ID: TC001----------------------
2025-12-11 17:20:21 [INFO ] com.flip.pages.LoginPage - --------------Entered user ID: AQSA028------------
2025-12-11 17:20:29 [INFO ] com.flip.test.main.FlipMobileTest - User logged in successfully!!!
2025-12-11 17:21:21 [INFO ] org.testng.internal.Utils - [TestNG] Running:
  C:\Users\17636\AppData\Local\JetBrains\IdeaIC2025.1\temp-testng-customsuite.xml

2025-12-11 17:21:36 [INFO ] com.flip.test.main.FlipMobileTest - ----------------------------Test Case ID: TC001----------------------
2025-12-11 17:21:41 [INFO ] com.flip.pages.LoginPage - --------------Entered user ID: AQSA028------------
2025-12-11 17:21:53 [INFO ] com.flip.test.main.FlipMobileTest - User logged in successfully!!!
2025-12-11 17:22:04 [INFO ] org.testng.internal.Utils - [TestNG] Running:
  D:\FlipMobile\fliptest.xml

2025-12-11 17:22:19 [INFO ] com.flip.test.main.FlipMobileTest - ----------------------------Test Case ID: TC001----------------------
2025-12-11 17:22:25 [INFO ] com.flip.pages.LoginPage - --------------Entered user ID: AQSA028------------
2025-12-11 17:22:35 [INFO ] com.flip.test.main.FlipMobileTest - User logged in successfully!!!
2025-12-11 17:22:35 [INFO ] com.flip.test.main.FlipMobileTest - ----------------------------Test Case ID: TC002----------------------
2025-12-11 17:22:46 [INFO ] com.flip.test.main.FlipMobileTest - ----------------------------Test Case ID: TC003----------------------
2025-12-11 17:28:33 [INFO ] org.testng.internal.Utils - [TestNG] Running:
  D:\FlipMobile\fliptest.xml

2025-12-11 17:28:59 [INFO ] org.testng.internal.Utils - [TestNG] Running:
  D:\FlipMobile\fliptest.xml

2025-12-11 17:29:16 [INFO ] com.flip.test.main.FlipMobileTest - ----------------------------Test Case ID: TC001----------------------
2025-12-11 17:29:21 [INFO ] com.flip.pages.LoginPage - --------------Entered user ID: AQSA028------------
2025-12-11 17:29:33 [INFO ] com.flip.test.main.FlipMobileTest - User logged in successfully!!!
2025-12-11 17:29:33 [INFO ] com.flip.test.main.FlipMobileTest - ----------------------------Test Case ID: TC002----------------------
2025-12-11 17:29:33 [INFO ] com.flip.test.main.FlipMobileTest - ----------------------------Test Case ID: TC003----------------------
2025-12-11 17:29:33 [INFO ] com.flip.test.main.FlipMobileTest - ----------------------------Test Case ID: TC004----------------------
2025-12-11 17:36:07 [INFO ] org.testng.internal.Utils - [TestNG] Running:
  D:\FlipMobile\fliptest.xml

2025-12-11 17:36:20 [INFO ] com.flip.test.main.FlipMobileTest - ----------------------------Test Case ID: TC001----------------------
2025-12-11 17:36:26 [INFO ] com.flip.pages.LoginPage - --------------Entered user ID: AQSA028------------
2025-12-11 17:36:47 [INFO ] org.testng.internal.Utils - [TestNG] Running:
  D:\FlipMobile\fliptest.xml

2025-12-11 17:37:05 [INFO ] com.flip.test.main.FlipMobileTest - ----------------------------Test Case ID: TC001----------------------
2025-12-11 17:37:10 [INFO ] com.flip.pages.LoginPage - --------------Entered user ID: AQSA028------------
2025-12-11 17:38:49 [INFO ] org.testng.internal.Utils - [TestNG] Running:
  C:\Users\17636\AppData\Local\JetBrains\IdeaIC2025.1\temp-testng-customsuite.xml

2025-12-11 17:39:18 [INFO ] com.flip.test.main.FlipMobileTest - ----------------------------Test Case ID: TC001----------------------
2025-12-11 17:39:23 [INFO ] com.flip.pages.LoginPage - --------------Entered user ID: AQSA028------------
2025-12-11 17:39:35 [INFO ] com.flip.test.main.FlipMobileTest - User logged in successfully!!!
2025-12-11 17:39:50 [INFO ] org.testng.internal.Utils - [TestNG] Running:
  D:\FlipMobile\fliptest.xml

2025-12-11 17:40:04 [INFO ] com.flip.test.main.FlipMobileTest - ----------------------------Test Case ID: TC001----------------------
2025-12-11 17:40:08 [INFO ] com.flip.pages.LoginPage - --------------Entered user ID: AQSA028------------
2025-12-11 17:40:20 [INFO ] com.flip.test.main.FlipMobileTest - User logged in successfully!!!
2025-12-11 17:40:20 [INFO ] com.flip.test.main.FlipMobileTest - ----------------------------Test Case ID: TC002----------------------
2025-12-11 17:40:20 [INFO ] com.flip.test.main.FlipMobileTest - ----------------------------Test Case ID: TC003----------------------
2025-12-11 17:40:20 [INFO ] com.flip.test.main.FlipMobileTest - ----------------------------Test Case ID: TC004----------------------
2025-12-11 17:43:48 [INFO ] org.testng.internal.Utils - [TestNG] Running:
  D:\FlipMobile\fliptest.xml

2025-12-11 17:44:01 [INFO ] com.flip.test.main.FlipMobileTest - ----------------------------Test Case ID: TC001----------------------
2025-12-11 17:44:06 [INFO ] com.flip.pages.LoginPage - --------------Entered user ID: AQSA028------------
2025-12-11 17:44:29 [INFO ] org.testng.internal.Utils - [TestNG] Running:
  D:\FlipMobile\fliptest.xml

2025-12-11 17:44:47 [INFO ] com.flip.test.main.FlipMobileTest - ----------------------------Test Case ID: TC001----------------------
2025-12-11 17:44:52 [INFO ] com.flip.pages.LoginPage - --------------Entered user ID: AQSA028------------
2025-12-11 17:45:02 [INFO ] com.flip.test.main.FlipMobileTest - User logged in successfully!!!
2025-12-11 17:45:02 [INFO ] com.flip.test.main.FlipMobileTest - ----------------------------Test Case ID: TC002----------------------
2025-12-11 17:45:13 [INFO ] com.flip.test.main.FlipMobileTest - ----------------------------Test Case ID: TC003----------------------
2025-12-11 17:45:46 [INFO ] org.testng.internal.Utils - [TestNG] Running:
  D:\FlipMobile\fliptest.xml

2025-12-11 17:46:01 [INFO ] com.flip.test.main.FlipMobileTest - ----------------------------Test Case ID: TC001----------------------
2025-12-11 17:46:05 [INFO ] com.flip.pages.LoginPage - --------------Entered user ID: AQSA028------------
2025-12-11 17:46:27 [INFO ] org.testng.internal.Utils - [TestNG] Running:
  D:\FlipMobile\fliptest.xml

2025-12-11 17:46:45 [INFO ] com.flip.test.main.FlipMobileTest - ----------------------------Test Case ID: TC001----------------------
2025-12-11 17:46:50 [INFO ] com.flip.pages.LoginPage - --------------Entered user ID: AQSA028------------
2025-12-11 17:47:06 [INFO ] com.flip.test.main.FlipMobileTest - ----------------------------Test Case ID: TC002----------------------
2025-12-11 17:49:33 [INFO ] org.testng.internal.Utils - [TestNG] Running:
  D:\FlipMobile\fliptest.xml

2025-12-11 17:49:48 [INFO ] com.flip.test.main.FlipMobileTest - ----------------------------Test Case ID: TC001----------------------
2025-12-11 17:49:54 [INFO ] com.flip.pages.LoginPage - --------------Entered user ID: AQSA028------------
2025-12-11 18:08:15 [INFO ] org.testng.internal.Utils - [TestNG] Running:
  C:\Users\17636\AppData\Local\JetBrains\IdeaIC2025.1\temp-testng-customsuite.xml

2025-12-11 18:08:30 [INFO ] com.flip.test.main.FlipMobileTest - ----------------------------Test Case ID: TC005----------------------
2025-12-11 18:08:35 [INFO ] com.flip.pages.LoginPage - --------------Entered user ID: AQSA028------------
2025-12-11 18:10:28 [INFO ] org.testng.internal.Utils - [TestNG] Running:
  C:\Users\17636\AppData\Local\JetBrains\IdeaIC2025.1\temp-testng-customsuite.xml

2025-12-11 18:10:45 [INFO ] com.flip.test.main.FlipMobileTest - ----------------------------Test Case ID: TC005----------------------
2025-12-11 18:10:50 [INFO ] com.flip.pages.LoginPage - --------------Entered user ID: AQSA028------------
2025-12-11 18:11:36 [INFO ] org.testng.internal.Utils - [TestNG] Running:
  C:\Users\17636\AppData\Local\JetBrains\IdeaIC2025.1\temp-testng-customsuite.xml

2025-12-11 18:11:51 [INFO ] com.flip.test.main.FlipMobileTest - ----------------------------Test Case ID: TC005----------------------
2025-12-11 18:11:55 [INFO ] com.flip.pages.LoginPage - --------------Entered user ID: AQSA028------------
2025-12-11 18:12:28 [INFO ] org.testng.internal.Utils - [TestNG] Running:
  C:\Users\17636\AppData\Local\JetBrains\IdeaIC2025.1\temp-testng-customsuite.xml

2025-12-11 18:12:46 [INFO ] com.flip.test.main.FlipMobileTest - ----------------------------Test Case ID: TC005----------------------
2025-12-11 18:12:51 [INFO ] com.flip.pages.LoginPage - --------------Entered user ID: AQSA028------------
2025-12-11 18:16:56 [INFO ] org.testng.internal.Utils - [TestNG] Running:
  C:\Users\17636\AppData\Local\JetBrains\IdeaIC2025.1\temp-testng-customsuite.xml

2025-12-11 18:17:10 [INFO ] com.flip.test.main.FlipMobileTest - ----------------------------Test Case ID: TC005----------------------
2025-12-11 18:17:15 [INFO ] com.flip.pages.LoginPage - --------------Entered user ID: AQSA028------------
2025-12-11 18:18:22 [INFO ] org.testng.internal.Utils - [TestNG] Running:
  C:\Users\17636\AppData\Local\JetBrains\IdeaIC2025.1\temp-testng-customsuite.xml

2025-12-11 18:18:53 [INFO ] org.testng.internal.Utils - [TestNG] Running:
  C:\Users\17636\AppData\Local\JetBrains\IdeaIC2025.1\temp-testng-customsuite.xml

2025-12-11 18:19:07 [INFO ] com.flip.test.main.FlipMobileTest - ----------------------------Test Case ID: TC005----------------------
2025-12-11 18:19:12 [INFO ] com.flip.pages.LoginPage - --------------Entered user ID: AQSA028------------
2025-12-11 18:19:59 [INFO ] org.testng.internal.Utils - [TestNG] Running:
  C:\Users\17636\AppData\Local\JetBrains\IdeaIC2025.1\temp-testng-customsuite.xml

2025-12-11 18:20:18 [INFO ] com.flip.test.main.FlipMobileTest - ----------------------------Test Case ID: TC005----------------------
2025-12-11 18:20:25 [INFO ] com.flip.pages.LoginPage - --------------Entered user ID: AQSA028------------
2025-12-11 18:20:42 [INFO ] org.testng.internal.Utils - [TestNG] Running:
  C:\Users\17636\AppData\Local\JetBrains\IdeaIC2025.1\temp-testng-customsuite.xml

2025-12-11 18:20:56 [INFO ] com.flip.test.main.FlipMobileTest - ----------------------------Test Case ID: TC005----------------------
2025-12-11 18:21:02 [INFO ] com.flip.pages.LoginPage - --------------Entered user ID: AQSA028------------
2025-12-11 18:22:57 [INFO ] org.testng.internal.Utils - [TestNG] Running:
  C:\Users\17636\AppData\Local\JetBrains\IdeaIC2025.1\temp-testng-customsuite.xml

2025-12-11 18:23:14 [INFO ] com.flip.test.main.FlipMobileTest - ----------------------------Test Case ID: TC005----------------------
2025-12-11 18:23:19 [INFO ] com.flip.pages.LoginPage - --------------Entered user ID: AQSA028------------
2025-12-11 18:24:24 [INFO ] org.testng.internal.Utils - [TestNG] Running:
  D:\FlipMobile\fliptest.xml

2025-12-11 18:25:05 [INFO ] org.testng.internal.Utils - [TestNG] Running:
  D:\FlipMobile\fliptest.xml

2025-12-11 18:25:21 [INFO ] com.flip.test.main.FlipMobileTest - ----------------------------Test Case ID: TC001----------------------
2025-12-11 18:25:26 [INFO ] com.flip.pages.LoginPage - --------------Entered user ID: AQSA028------------
2025-12-11 18:25:36 [INFO ] com.flip.test.main.FlipMobileTest - User logged in successfully!!!
2025-12-11 18:25:49 [INFO ] com.flip.test.main.FlipMobileTest - ----------------------------Test Case ID: TC002----------------------
2025-12-11 18:25:55 [INFO ] com.flip.pages.LoginPage - --------------Entered user ID: AQSA028------------
2025-12-11 18:26:09 [INFO ] com.flip.pages.DefaultOrderSettings - Order Type Selected: Limit
2025-12-11 18:26:12 [INFO ] com.flip.pages.DefaultOrderSettings - Settings saved successfully!!!
2025-12-11 18:26:26 [INFO ] com.flip.test.main.FlipMobileTest - ----------------------------Test Case ID: TC003----------------------
2025-12-11 18:26:31 [INFO ] com.flip.pages.LoginPage - --------------Entered user ID: AQSA028------------
2025-12-11 18:27:00 [INFO ] com.flip.test.main.FlipMobileTest - ----------------------------Test Case ID: TC004----------------------
2025-12-11 18:27:05 [INFO ] com.flip.pages.LoginPage - --------------Entered user ID: AQSA028------------
2025-12-11 18:28:31 [INFO ] org.testng.internal.Utils - [TestNG] Running:
  D:\FlipMobile\fliptest.xml

2025-12-11 18:28:45 [INFO ] com.flip.test.main.FlipMobileTest - ----------------------------Test Case ID: TC001----------------------
2025-12-11 18:28:50 [INFO ] com.flip.pages.LoginPage - --------------Entered user ID: AQSA028------------
2025-12-11 18:29:01 [INFO ] com.flip.test.main.FlipMobileTest - User logged in successfully!!!
2025-12-11 18:29:01 [INFO ] com.flip.test.main.FlipMobileTest - ----------------------------Test Case ID: TC002----------------------
2025-12-11 18:29:12 [INFO ] com.flip.test.main.FlipMobileTest - ----------------------------Test Case ID: TC003----------------------
2025-12-11 18:29:49 [INFO ] org.testng.internal.Utils - [TestNG] Running:
  D:\FlipMobile\fliptest.xml

2025-12-11 18:30:07 [INFO ] com.flip.test.main.FlipMobileTest - ----------------------------Test Case ID: TC001----------------------
2025-12-11 18:30:12 [INFO ] com.flip.pages.LoginPage - --------------Entered user ID: AQSA028------------
2025-12-11 18:30:31 [INFO ] org.testng.internal.Utils - [TestNG] Running:
  D:\FlipMobile\fliptest.xml

2025-12-11 18:30:45 [INFO ] com.flip.test.main.FlipMobileTest - ----------------------------Test Case ID: TC001----------------------
2025-12-11 18:30:51 [INFO ] com.flip.pages.LoginPage - --------------Entered user ID: AQSA028------------
2025-12-11 18:31:02 [INFO ] com.flip.test.main.FlipMobileTest - User logged in successfully!!!
2025-12-11 18:32:49 [INFO ] org.testng.internal.Utils - [TestNG] Running:
  D:\FlipMobile\fliptest.xml

2025-12-11 18:33:02 [INFO ] com.flip.test.main.FlipMobileTest - ----------------------------Test Case ID: TC001----------------------
2025-12-11 18:33:07 [INFO ] com.flip.pages.LoginPage - --------------Entered user ID: AQSA028------------
2025-12-11 18:33:18 [INFO ] com.flip.test.main.FlipMobileTest - User logged in successfully!!!
